desc: --stacks=yes --heap=yes --massif-out-file=massif.out
cmd: /home/medhat/NetBeansProjects/tst_valgrind/dist/Release/GNU-Linux/tst_valgrind
time_unit: i
#-----------
snapshot=0
#-----------
time=0
mem_heap_B=0
mem_heap_extra_B=0
mem_stacks_B=0
heap_tree=empty
#-----------
snapshot=1
#-----------
time=11280
mem_heap_B=0
mem_heap_extra_B=0
mem_stacks_B=6888
heap_tree=detailed
n0: 0 (heap allocation functions) malloc/new/new[], --alloc-fns, etc.
#-----------
snapshot=2
#-----------
time=62877
mem_heap_B=0
mem_heap_extra_B=0
mem_stacks_B=568
heap_tree=empty
#-----------
snapshot=3
#-----------
time=101143
mem_heap_B=0
mem_heap_extra_B=0
mem_stacks_B=1352
heap_tree=empty
#-----------
snapshot=4
#-----------
time=139940
mem_heap_B=0
mem_heap_extra_B=0
mem_stacks_B=1352
heap_tree=empty
#-----------
snapshot=5
#-----------
time=195898
mem_heap_B=0
mem_heap_extra_B=0
mem_stacks_B=1152
heap_tree=empty
#-----------
snapshot=6
#-----------
time=244419
mem_heap_B=0
mem_heap_extra_B=0
mem_stacks_B=824
heap_tree=empty
#-----------
snapshot=7
#-----------
time=273402
mem_heap_B=0
mem_heap_extra_B=0
mem_stacks_B=824
heap_tree=detailed
n0: 0 (heap allocation functions) malloc/new/new[], --alloc-fns, etc.
#-----------
snapshot=8
#-----------
time=311546
mem_heap_B=0
mem_heap_extra_B=0
mem_stacks_B=824
heap_tree=empty
#-----------
snapshot=9
#-----------
time=369126
mem_heap_B=0
mem_heap_extra_B=0
mem_stacks_B=1096
heap_tree=empty
#-----------
snapshot=10
#-----------
time=399186
mem_heap_B=0
mem_heap_extra_B=0
mem_stacks_B=1408
heap_tree=detailed
n0: 0 (heap allocation functions) malloc/new/new[], --alloc-fns, etc.
#-----------
snapshot=11
#-----------
time=445468
mem_heap_B=0
mem_heap_extra_B=0
mem_stacks_B=824
heap_tree=empty
#-----------
snapshot=12
#-----------
time=497379
mem_heap_B=0
mem_heap_extra_B=0
mem_stacks_B=1096
heap_tree=empty
#-----------
snapshot=13
#-----------
time=534935
mem_heap_B=0
mem_heap_extra_B=0
mem_stacks_B=1408
heap_tree=empty
#-----------
snapshot=14
#-----------
time=585239
mem_heap_B=0
mem_heap_extra_B=0
mem_stacks_B=1096
heap_tree=empty
#-----------
snapshot=15
#-----------
time=643688
mem_heap_B=0
mem_heap_extra_B=0
mem_stacks_B=1096
heap_tree=empty
#-----------
snapshot=16
#-----------
time=681297
mem_heap_B=0
mem_heap_extra_B=0
mem_stacks_B=1096
heap_tree=empty
#-----------
snapshot=17
#-----------
time=719865
mem_heap_B=0
mem_heap_extra_B=0
mem_stacks_B=1096
heap_tree=empty
#-----------
snapshot=18
#-----------
time=746934
mem_heap_B=0
mem_heap_extra_B=0
mem_stacks_B=1096
heap_tree=empty
#-----------
snapshot=19
#-----------
time=791631
mem_heap_B=0
mem_heap_extra_B=0
mem_stacks_B=1096
heap_tree=empty
#-----------
snapshot=20
#-----------
time=827430
mem_heap_B=0
mem_heap_extra_B=0
mem_stacks_B=1096
heap_tree=empty
#-----------
snapshot=21
#-----------
time=881091
mem_heap_B=0
mem_heap_extra_B=0
mem_stacks_B=1096
heap_tree=empty
#-----------
snapshot=22
#-----------
time=943785
mem_heap_B=0
mem_heap_extra_B=0
mem_stacks_B=1344
heap_tree=empty
#-----------
snapshot=23
#-----------
time=980010
mem_heap_B=0
mem_heap_extra_B=0
mem_stacks_B=1096
heap_tree=empty
#-----------
snapshot=24
#-----------
time=1015917
mem_heap_B=0
mem_heap_extra_B=0
mem_stacks_B=1728
heap_tree=empty
#-----------
snapshot=25
#-----------
time=1052638
mem_heap_B=0
mem_heap_extra_B=0
mem_stacks_B=1096
heap_tree=empty
#-----------
snapshot=26
#-----------
time=1088553
mem_heap_B=0
mem_heap_extra_B=0
mem_stacks_B=1096
heap_tree=detailed
n0: 0 (heap allocation functions) malloc/new/new[], --alloc-fns, etc.
#-----------
snapshot=27
#-----------
time=1151017
mem_heap_B=0
mem_heap_extra_B=0
mem_stacks_B=1448
heap_tree=empty
#-----------
snapshot=28
#-----------
time=1182882
mem_heap_B=0
mem_heap_extra_B=0
mem_stacks_B=1352
heap_tree=empty
#-----------
snapshot=29
#-----------
time=1214628
mem_heap_B=0
mem_heap_extra_B=0
mem_stacks_B=824
heap_tree=empty
#-----------
snapshot=30
#-----------
time=1262108
mem_heap_B=0
mem_heap_extra_B=0
mem_stacks_B=1352
heap_tree=empty
#-----------
snapshot=31
#-----------
time=1293777
mem_heap_B=0
mem_heap_extra_B=0
mem_stacks_B=824
heap_tree=empty
#-----------
snapshot=32
#-----------
time=1325833
mem_heap_B=0
mem_heap_extra_B=0
mem_stacks_B=1096
heap_tree=empty
#-----------
snapshot=33
#-----------
time=1357862
mem_heap_B=0
mem_heap_extra_B=0
mem_stacks_B=1096
heap_tree=detailed
n0: 0 (heap allocation functions) malloc/new/new[], --alloc-fns, etc.
#-----------
snapshot=34
#-----------
time=1389613
mem_heap_B=0
mem_heap_extra_B=0
mem_stacks_B=824
heap_tree=empty
#-----------
snapshot=35
#-----------
time=1421465
mem_heap_B=0
mem_heap_extra_B=0
mem_stacks_B=1352
heap_tree=empty
#-----------
snapshot=36
#-----------
time=1453134
mem_heap_B=0
mem_heap_extra_B=0
mem_stacks_B=824
heap_tree=empty
#-----------
snapshot=37
#-----------
time=1484788
mem_heap_B=0
mem_heap_extra_B=0
mem_stacks_B=1096
heap_tree=empty
#-----------
snapshot=38
#-----------
time=1516781
mem_heap_B=0
mem_heap_extra_B=0
mem_stacks_B=1096
heap_tree=detailed
n0: 0 (heap allocation functions) malloc/new/new[], --alloc-fns, etc.
#-----------
snapshot=39
#-----------
time=1549041
mem_heap_B=0
mem_heap_extra_B=0
mem_stacks_B=1096
heap_tree=empty
#-----------
snapshot=40
#-----------
time=1597234
mem_heap_B=0
mem_heap_extra_B=0
mem_stacks_B=1096
heap_tree=empty
#-----------
snapshot=41
#-----------
time=1629307
mem_heap_B=0
mem_heap_extra_B=0
mem_stacks_B=1096
heap_tree=empty
#-----------
snapshot=42
#-----------
time=1677169
mem_heap_B=0
mem_heap_extra_B=0
mem_stacks_B=1096
heap_tree=detailed
n0: 0 (heap allocation functions) malloc/new/new[], --alloc-fns, etc.
#-----------
snapshot=43
#-----------
time=1725232
mem_heap_B=0
mem_heap_extra_B=0
mem_stacks_B=1096
heap_tree=empty
#-----------
snapshot=44
#-----------
time=1756990
mem_heap_B=0
mem_heap_extra_B=0
mem_stacks_B=1096
heap_tree=empty
#-----------
snapshot=45
#-----------
time=1805329
mem_heap_B=0
mem_heap_extra_B=0
mem_stacks_B=1096
heap_tree=empty
#-----------
snapshot=46
#-----------
time=1853094
mem_heap_B=0
mem_heap_extra_B=0
mem_stacks_B=1352
heap_tree=empty
#-----------
snapshot=47
#-----------
time=1885028
mem_heap_B=0
mem_heap_extra_B=0
mem_stacks_B=1352
heap_tree=empty
#-----------
snapshot=48
#-----------
time=1916970
mem_heap_B=0
mem_heap_extra_B=0
mem_stacks_B=1352
heap_tree=empty
#-----------
snapshot=49
#-----------
time=1949049
mem_heap_B=0
mem_heap_extra_B=0
mem_stacks_B=1352
heap_tree=empty
#-----------
snapshot=50
#-----------
time=1976497
mem_heap_B=0
mem_heap_extra_B=0
mem_stacks_B=1096
heap_tree=empty
#-----------
snapshot=51
#-----------
time=2003684
mem_heap_B=0
mem_heap_extra_B=0
mem_stacks_B=1096
heap_tree=empty
#-----------
snapshot=52
#-----------
time=2030869
mem_heap_B=0
mem_heap_extra_B=0
mem_stacks_B=1096
heap_tree=detailed
n0: 0 (heap allocation functions) malloc/new/new[], --alloc-fns, etc.
#-----------
snapshot=53
#-----------
time=2058085
mem_heap_B=0
mem_heap_extra_B=0
mem_stacks_B=1096
heap_tree=empty
#-----------
snapshot=54
#-----------
time=2085239
mem_heap_B=0
mem_heap_extra_B=0
mem_stacks_B=824
heap_tree=empty
#-----------
snapshot=55
#-----------
time=2108696
mem_heap_B=72704
mem_heap_extra_B=8
mem_stacks_B=208
heap_tree=detailed
n1: 72704 (heap allocation functions) malloc/new/new[], --alloc-fns, etc.
 n1: 72704 0x4EBAEFE: ??? (in /usr/lib/x86_64-linux-gnu/libstdc++.so.6.0.21)
  n1: 72704 0x40106B8: call_init.part.0 (dl-init.c:72)
   n1: 72704 0x40107C9: _dl_init (dl-init.c:30)
    n0: 72704 0x4000C68: ??? (in /lib/x86_64-linux-gnu/ld-2.23.so)
#-----------
snapshot=56
#-----------
time=2110378
mem_heap_B=72704
mem_heap_extra_B=8
mem_stacks_B=1248
heap_tree=detailed
n1: 72704 (heap allocation functions) malloc/new/new[], --alloc-fns, etc.
 n1: 72704 0x4EBAEFE: ??? (in /usr/lib/x86_64-linux-gnu/libstdc++.so.6.0.21)
  n1: 72704 0x40106B8: call_init.part.0 (dl-init.c:72)
   n1: 72704 0x40107C9: _dl_init (dl-init.c:30)
    n0: 72704 0x4000C68: ??? (in /lib/x86_64-linux-gnu/ld-2.23.so)
#-----------
snapshot=57
#-----------
time=2137466
mem_heap_B=72704
mem_heap_extra_B=8
mem_stacks_B=904
heap_tree=empty
#-----------
snapshot=58
#-----------
time=2164805
mem_heap_B=72704
mem_heap_extra_B=8
mem_stacks_B=584
heap_tree=empty
#-----------
snapshot=59
#-----------
time=2191895
mem_heap_B=72704
mem_heap_extra_B=8
mem_stacks_B=1576
heap_tree=empty
#-----------
snapshot=60
#-----------
time=2219181
mem_heap_B=72704
mem_heap_extra_B=8
mem_stacks_B=1208
heap_tree=empty
#-----------
snapshot=61
#-----------
time=2220765
mem_heap_B=76800
mem_heap_extra_B=16
mem_stacks_B=784
heap_tree=detailed
n2: 76800 (heap allocation functions) malloc/new/new[], --alloc-fns, etc.
 n1: 72704 0x4EBAEFE: ??? (in /usr/lib/x86_64-linux-gnu/libstdc++.so.6.0.21)
  n1: 72704 0x40106B8: call_init.part.0 (dl-init.c:72)
   n1: 72704 0x40107C9: _dl_init (dl-init.c:30)
    n0: 72704 0x4000C68: ??? (in /lib/x86_64-linux-gnu/ld-2.23.so)
 n1: 4096 0x52201D3: _IO_file_doallocate (filedoalloc.c:127)
  n1: 4096 0x522E592: _IO_doallocbuf (genops.c:398)
   n1: 4096 0x522D8F6: _IO_file_overflow@@GLIBC_2.2.5 (fileops.c:820)
    n1: 4096 0x522C28B: _IO_file_xsputn@@GLIBC_2.2.5 (fileops.c:1331)
     n1: 4096 0x52217B9: fwrite (iofwrite.c:39)
      n1: 4096 0x4F3FEC4: std::basic_ostream<char, std::char_traits<char> >& std::__ostream_insert<char, std::char_traits<char> >(std::basic_ostream<char, std::char_traits<char> >&, char const*, long) (in /usr/lib/x86_64-linux-gnu/libstdc++.so.6.0.21)
       n0: 4096 0x400946: main (in /home/medhat/NetBeansProjects/tst_valgrind/dist/Release/GNU-Linux/tst_valgrind)
#-----------
snapshot=62
#-----------
time=2225863
mem_heap_B=76800
mem_heap_extra_B=16
mem_stacks_B=1856
heap_tree=peak
n2: 76800 (heap allocation functions) malloc/new/new[], --alloc-fns, etc.
 n1: 72704 0x4EBAEFE: ??? (in /usr/lib/x86_64-linux-gnu/libstdc++.so.6.0.21)
  n1: 72704 0x40106B8: call_init.part.0 (dl-init.c:72)
   n1: 72704 0x40107C9: _dl_init (dl-init.c:30)
    n0: 72704 0x4000C68: ??? (in /lib/x86_64-linux-gnu/ld-2.23.so)
 n1: 4096 0x52201D3: _IO_file_doallocate (filedoalloc.c:127)
  n1: 4096 0x522E592: _IO_doallocbuf (genops.c:398)
   n1: 4096 0x522D8F6: _IO_file_overflow@@GLIBC_2.2.5 (fileops.c:820)
    n1: 4096 0x522C28B: _IO_file_xsputn@@GLIBC_2.2.5 (fileops.c:1331)
     n1: 4096 0x52217B9: fwrite (iofwrite.c:39)
      n1: 4096 0x4F3FEC4: std::basic_ostream<char, std::char_traits<char> >& std::__ostream_insert<char, std::char_traits<char> >(std::basic_ostream<char, std::char_traits<char> >&, char const*, long) (in /usr/lib/x86_64-linux-gnu/libstdc++.so.6.0.21)
       n0: 4096 0x400946: main (in /home/medhat/NetBeansProjects/tst_valgrind/dist/Release/GNU-Linux/tst_valgrind)
